<?xml version="1.0" encoding="UTF-8"?>
<robot generator="Robot 3.2.1 (Python 3.7.2 on win32)" generated="20200629 14:22:44.976" rpa="false">
<suite id="s1" name="Tests" source="C:\git\robotframework-calculator\robot_math\tests">
<suite id="s1-s1" name="RF MATH SEJFTEST" source="C:\git\robotframework-calculator\robot_math\tests\RF_MATH_SEJFTEST.robot">
<test id="s1-s1-t1" name="Packet test">
<kw name="executor">
<arguments>
<arg>PACKET_OPERATION</arg>
<arg>10M==80m</arg>
</arguments>
<msg timestamp="20200629 14:22:45.153" level="TRACE">Arguments: [ ${keyword}='PACKET_OPERATION' | ${expression}='10M==80m' | ${expected}='PASS' | ${deviation}='' | ${reason}='' ]</msg>
<kw name="Run Keyword And Ignore Error" library="BuiltIn">
<doc>Runs the given keyword with the given arguments and ignores possible error.</doc>
<arguments>
<arg>${keyword}</arg>
<arg>${expression}</arg>
<arg>deviation_str=${deviation}</arg>
<arg>reason=${reason}</arg>
</arguments>
<assign>
<var>${st}</var>
</assign>
<msg timestamp="20200629 14:22:45.155" level="TRACE">Arguments: [ 'PACKET_OPERATION' | '${expression}' | 'deviation_str=${deviation}' | 'reason=${reason}' ]</msg>
<kw name="PACKET_OPERATION" library="robot_math.ROBOT_MATH">
<doc>Provide logical and mathematical operation with packet</doc>
<arguments>
<arg>${expression}</arg>
<arg>deviation_str=${deviation}</arg>
<arg>reason=${reason}</arg>
</arguments>
<msg timestamp="20200629 14:22:45.156" level="TRACE">Arguments: [ '10M==80m' | deviation_str='' | reason='' ]</msg>
<msg timestamp="20200629 14:22:45.157" level="TRACE">10M==80m</msg>
<msg timestamp="20200629 14:22:45.158" level="TRACE">10.0M eq 80.0m)</msg>
<msg timestamp="20200629 14:22:45.159" level="DEBUG">Result: True</msg>
<msg timestamp="20200629 14:22:45.159" level="TRACE">Return: True</msg>
<status status="PASS" starttime="20200629 14:22:45.155" endtime="20200629 14:22:45.159"></status>
</kw>
<msg timestamp="20200629 14:22:45.159" level="TRACE">Return: ('PASS', True)</msg>
<msg timestamp="20200629 14:22:45.159" level="INFO">${st} = ('PASS', True)</msg>
<status status="PASS" starttime="20200629 14:22:45.154" endtime="20200629 14:22:45.160"></status>
</kw>
<kw name="Run Keyword If" library="BuiltIn">
<doc>Runs the given keyword with the given arguments, if ``condition`` is true.</doc>
<arguments>
<arg>'${st}[0]' != '${expected}'</arg>
<arg>fail</arg>
<arg>Expression ${expression} failed</arg>
</arguments>
<msg timestamp="20200629 14:22:45.161" level="TRACE">Arguments: [ "'PASS' != 'PASS'" | 'fail' | 'Expression ${expression} failed' ]</msg>
<msg timestamp="20200629 14:22:45.162" level="TRACE">Return: None</msg>
<status status="PASS" starttime="20200629 14:22:45.160" endtime="20200629 14:22:45.162"></status>
</kw>
<kw name="Set Test Message" library="BuiltIn">
<doc>Sets message for the current test case.</doc>
<arguments>
<arg>Expression ${expression} completed with: ${st}[1] (Expected: ${expected} vs. Real: ${st}[0])\n</arg>
<arg>append=${TRUE}</arg>
</arguments>
<msg timestamp="20200629 14:22:45.165" level="TRACE">Arguments: [ 'Expression 10M==80m completed with: True (Expected: PASS vs. Real: PASS)\n' | append=True ]</msg>
<msg timestamp="20200629 14:22:45.165" level="INFO">Set test message to:
Expression 10M==80m completed with: True (Expected: PASS vs. Real: PASS)
</msg>
<msg timestamp="20200629 14:22:45.165" level="TRACE">Return: None</msg>
<status status="PASS" starttime="20200629 14:22:45.163" endtime="20200629 14:22:45.166"></status>
</kw>
<msg timestamp="20200629 14:22:45.166" level="TRACE">Return: None</msg>
<status status="PASS" starttime="20200629 14:22:45.151" endtime="20200629 14:22:45.167"></status>
</kw>
<kw name="executor">
<arguments>
<arg>PACKET_OPERATION</arg>
<arg>10M==9M</arg>
<arg>deviation=10%</arg>
</arguments>
<msg timestamp="20200629 14:22:45.171" level="TRACE">Arguments: [ ${keyword}='PACKET_OPERATION' | ${expression}='10M==9M' | ${expected}='PASS' | ${deviation}='10%' | ${reason}='' ]</msg>
<kw name="Run Keyword And Ignore Error" library="BuiltIn">
<doc>Runs the given keyword with the given arguments and ignores possible error.</doc>
<arguments>
<arg>${keyword}</arg>
<arg>${expression}</arg>
<arg>deviation_str=${deviation}</arg>
<arg>reason=${reason}</arg>
</arguments>
<assign>
<var>${st}</var>
</assign>
<msg timestamp="20200629 14:22:45.173" level="TRACE">Arguments: [ 'PACKET_OPERATION' | '${expression}' | 'deviation_str=${deviation}' | 'reason=${reason}' ]</msg>
<kw name="PACKET_OPERATION" library="robot_math.ROBOT_MATH">
<doc>Provide logical and mathematical operation with packet</doc>
<arguments>
<arg>${expression}</arg>
<arg>deviation_str=${deviation}</arg>
<arg>reason=${reason}</arg>
</arguments>
<msg timestamp="20200629 14:22:45.177" level="TRACE">Arguments: [ '10M==9M' | deviation_str='10%' | reason='' ]</msg>
<msg timestamp="20200629 14:22:45.177" level="TRACE">10M==9M, 10%</msg>
<msg timestamp="20200629 14:22:45.178" level="TRACE">10.0M eq 9.0M (Deviation: +/-10.00%)</msg>
<msg timestamp="20200629 14:22:45.178" level="DEBUG">Number 80000000 sub (+/-10.00%) = 72000000.0</msg>
<msg timestamp="20200629 14:22:45.179" level="DEBUG">Number 80000000 add (+/-10.00%) = 88000000.0</msg>
<msg timestamp="20200629 14:22:45.179" level="DEBUG">Result: True</msg>
<msg timestamp="20200629 14:22:45.180" level="TRACE">Return: True</msg>
<status status="PASS" starttime="20200629 14:22:45.174" endtime="20200629 14:22:45.180"></status>
</kw>
<msg timestamp="20200629 14:22:45.180" level="TRACE">Return: ('PASS', True)</msg>
<msg timestamp="20200629 14:22:45.180" level="INFO">${st} = ('PASS', True)</msg>
<status status="PASS" starttime="20200629 14:22:45.172" endtime="20200629 14:22:45.180"></status>
</kw>
<kw name="Run Keyword If" library="BuiltIn">
<doc>Runs the given keyword with the given arguments, if ``condition`` is true.</doc>
<arguments>
<arg>'${st}[0]' != '${expected}'</arg>
<arg>fail</arg>
<arg>Expression ${expression} failed</arg>
</arguments>
<msg timestamp="20200629 14:22:45.181" level="TRACE">Arguments: [ "'PASS' != 'PASS'" | 'fail' | 'Expression ${expression} failed' ]</msg>
<msg timestamp="20200629 14:22:45.182" level="TRACE">Return: None</msg>
<status status="PASS" starttime="20200629 14:22:45.181" endtime="20200629 14:22:45.182"></status>
</kw>
<kw name="Set Test Message" library="BuiltIn">
<doc>Sets message for the current test case.</doc>
<arguments>
<arg>Expression ${expression} completed with: ${st}[1] (Expected: ${expected} vs. Real: ${st}[0])\n</arg>
<arg>append=${TRUE}</arg>
</arguments>
<msg timestamp="20200629 14:22:45.184" level="TRACE">Arguments: [ 'Expression 10M==9M completed with: True (Expected: PASS vs. Real: PASS)\n' | append=True ]</msg>
<msg timestamp="20200629 14:22:45.185" level="INFO">Set test message to:
Expression 10M==80m completed with: True (Expected: PASS vs. Real: PASS)
 Expression 10M==9M completed with: True (Expected: PASS vs. Real: PASS)
</msg>
<msg timestamp="20200629 14:22:45.185" level="TRACE">Return: None</msg>
<status status="PASS" starttime="20200629 14:22:45.182" endtime="20200629 14:22:45.185"></status>
</kw>
<msg timestamp="20200629 14:22:45.185" level="TRACE">Return: None</msg>
<status status="PASS" starttime="20200629 14:22:45.168" endtime="20200629 14:22:45.185"></status>
</kw>
<kw name="executor">
<arguments>
<arg>PACKET_OPERATION</arg>
<arg>10M&gt;80m</arg>
<arg>expected=FAIL</arg>
</arguments>
<msg timestamp="20200629 14:22:45.188" level="TRACE">Arguments: [ ${keyword}='PACKET_OPERATION' | ${expression}='10M&gt;80m' | ${expected}='FAIL' | ${deviation}='' | ${reason}='' ]</msg>
<kw name="Run Keyword And Ignore Error" library="BuiltIn">
<doc>Runs the given keyword with the given arguments and ignores possible error.</doc>
<arguments>
<arg>${keyword}</arg>
<arg>${expression}</arg>
<arg>deviation_str=${deviation}</arg>
<arg>reason=${reason}</arg>
</arguments>
<assign>
<var>${st}</var>
</assign>
<msg timestamp="20200629 14:22:45.189" level="TRACE">Arguments: [ 'PACKET_OPERATION' | '${expression}' | 'deviation_str=${deviation}' | 'reason=${reason}' ]</msg>
<kw name="PACKET_OPERATION" library="robot_math.ROBOT_MATH">
<doc>Provide logical and mathematical operation with packet</doc>
<arguments>
<arg>${expression}</arg>
<arg>deviation_str=${deviation}</arg>
<arg>reason=${reason}</arg>
</arguments>
<msg timestamp="20200629 14:22:45.192" level="TRACE">Arguments: [ '10M&gt;80m' | deviation_str='' | reason='' ]</msg>
<msg timestamp="20200629 14:22:45.193" level="TRACE">10M&gt;80m</msg>
<msg timestamp="20200629 14:22:45.193" level="TRACE">10.0M gt 80.0m)</msg>
<msg timestamp="20200629 14:22:45.193" level="DEBUG">Result: False</msg>
<msg timestamp="20200629 14:22:45.194" level="FAIL">AssertionError</msg>
<msg timestamp="20200629 14:22:45.195" level="DEBUG">Traceback (most recent call last):
  File "C:\git\robotframework-calculator\robot_math\ROBOT_MATH.py", line 158, in packet_operation
    raise e
  File "C:\git\robotframework-calculator\robot_math\ROBOT_MATH.py", line 155, in packet_operation
    assert result is not False, f"{operand1} {operation.__name__} {operand2} False" if reason is None else reason</msg>
<status status="FAIL" starttime="20200629 14:22:45.190" endtime="20200629 14:22:45.195"></status>
</kw>
<msg timestamp="20200629 14:22:45.195" level="TRACE">Return: ('FAIL', 'AssertionError')</msg>
<msg timestamp="20200629 14:22:45.196" level="INFO">${st} = ('FAIL', 'AssertionError')</msg>
<status status="PASS" starttime="20200629 14:22:45.188" endtime="20200629 14:22:45.196"></status>
</kw>
<kw name="Run Keyword If" library="BuiltIn">
<doc>Runs the given keyword with the given arguments, if ``condition`` is true.</doc>
<arguments>
<arg>'${st}[0]' != '${expected}'</arg>
<arg>fail</arg>
<arg>Expression ${expression} failed</arg>
</arguments>
<msg timestamp="20200629 14:22:45.197" level="TRACE">Arguments: [ "'FAIL' != 'FAIL'" | 'fail' | 'Expression ${expression} failed' ]</msg>
<msg timestamp="20200629 14:22:45.198" level="TRACE">Return: None</msg>
<status status="PASS" starttime="20200629 14:22:45.196" endtime="20200629 14:22:45.198"></status>
</kw>
<kw name="Set Test Message" library="BuiltIn">
<doc>Sets message for the current test case.</doc>
<arguments>
<arg>Expression ${expression} completed with: ${st}[1] (Expected: ${expected} vs. Real: ${st}[0])\n</arg>
<arg>append=${TRUE}</arg>
</arguments>
<msg timestamp="20200629 14:22:45.200" level="TRACE">Arguments: [ 'Expression 10M&gt;80m completed with: AssertionError (Expected: FAIL vs. Real: FAIL)\n' | append=True ]</msg>
<msg timestamp="20200629 14:22:45.201" level="INFO">Set test message to:
Expression 10M==80m completed with: True (Expected: PASS vs. Real: PASS)
 Expression 10M==9M completed with: True (Expected: PASS vs. Real: PASS)
 Expression 10M&gt;80m completed with: AssertionError (Expected: FAIL vs. Real: FAIL)
</msg>
<msg timestamp="20200629 14:22:45.201" level="TRACE">Return: None</msg>
<status status="PASS" starttime="20200629 14:22:45.199" endtime="20200629 14:22:45.201"></status>
</kw>
<msg timestamp="20200629 14:22:45.202" level="TRACE">Return: None</msg>
<status status="PASS" starttime="20200629 14:22:45.186" endtime="20200629 14:22:45.202"></status>
</kw>
<kw name="executor">
<arguments>
<arg>PACKET_OPERATION</arg>
<arg>10M&lt;80m</arg>
<arg>expected=FAIL</arg>
<arg>reason=My reason to fail</arg>
</arguments>
<msg timestamp="20200629 14:22:45.205" level="TRACE">Arguments: [ ${keyword}='PACKET_OPERATION' | ${expression}='10M&lt;80m' | ${expected}='FAIL' | ${deviation}='' | ${reason}='My reason to fail' ]</msg>
<kw name="Run Keyword And Ignore Error" library="BuiltIn">
<doc>Runs the given keyword with the given arguments and ignores possible error.</doc>
<arguments>
<arg>${keyword}</arg>
<arg>${expression}</arg>
<arg>deviation_str=${deviation}</arg>
<arg>reason=${reason}</arg>
</arguments>
<assign>
<var>${st}</var>
</assign>
<msg timestamp="20200629 14:22:45.209" level="TRACE">Arguments: [ 'PACKET_OPERATION' | '${expression}' | 'deviation_str=${deviation}' | 'reason=${reason}' ]</msg>
<kw name="PACKET_OPERATION" library="robot_math.ROBOT_MATH">
<doc>Provide logical and mathematical operation with packet</doc>
<arguments>
<arg>${expression}</arg>
<arg>deviation_str=${deviation}</arg>
<arg>reason=${reason}</arg>
</arguments>
<msg timestamp="20200629 14:22:45.212" level="TRACE">Arguments: [ '10M&lt;80m' | deviation_str='' | reason='My reason to fail' ]</msg>
<msg timestamp="20200629 14:22:45.212" level="TRACE">10M&lt;80m</msg>
<msg timestamp="20200629 14:22:45.212" level="TRACE">10.0M lt 80.0m)</msg>
<msg timestamp="20200629 14:22:45.212" level="DEBUG">Result: False</msg>
<msg timestamp="20200629 14:22:45.213" level="FAIL">My reason to fail</msg>
<msg timestamp="20200629 14:22:45.213" level="DEBUG">Traceback (most recent call last):
  File "C:\git\robotframework-calculator\robot_math\ROBOT_MATH.py", line 158, in packet_operation
    raise e
  File "C:\git\robotframework-calculator\robot_math\ROBOT_MATH.py", line 155, in packet_operation
    assert result is not False, f"{operand1} {operation.__name__} {operand2} False" if reason is None else reason</msg>
<status status="FAIL" starttime="20200629 14:22:45.210" endtime="20200629 14:22:45.214"></status>
</kw>
<msg timestamp="20200629 14:22:45.214" level="TRACE">Return: ('FAIL', 'My reason to fail')</msg>
<msg timestamp="20200629 14:22:45.214" level="INFO">${st} = ('FAIL', 'My reason to fail')</msg>
<status status="PASS" starttime="20200629 14:22:45.207" endtime="20200629 14:22:45.214"></status>
</kw>
<kw name="Run Keyword If" library="BuiltIn">
<doc>Runs the given keyword with the given arguments, if ``condition`` is true.</doc>
<arguments>
<arg>'${st}[0]' != '${expected}'</arg>
<arg>fail</arg>
<arg>Expression ${expression} failed</arg>
</arguments>
<msg timestamp="20200629 14:22:45.216" level="TRACE">Arguments: [ "'FAIL' != 'FAIL'" | 'fail' | 'Expression ${expression} failed' ]</msg>
<msg timestamp="20200629 14:22:45.216" level="TRACE">Return: None</msg>
<status status="PASS" starttime="20200629 14:22:45.215" endtime="20200629 14:22:45.217"></status>
</kw>
<kw name="Set Test Message" library="BuiltIn">
<doc>Sets message for the current test case.</doc>
<arguments>
<arg>Expression ${expression} completed with: ${st}[1] (Expected: ${expected} vs. Real: ${st}[0])\n</arg>
<arg>append=${TRUE}</arg>
</arguments>
<msg timestamp="20200629 14:22:45.218" level="TRACE">Arguments: [ 'Expression 10M&lt;80m completed with: My reason to fail (Expected: FAIL vs. Real: FAIL)\n' | append=True ]</msg>
<msg timestamp="20200629 14:22:45.219" level="INFO">Set test message to:
Expression 10M==80m completed with: True (Expected: PASS vs. Real: PASS)
 Expression 10M==9M completed with: True (Expected: PASS vs. Real: PASS)
 Expression 10M&gt;80m completed with: AssertionError (Expected: FAIL vs. Real: FAIL)
 Expression 10M&lt;80m completed with: My reason to fail (Expected: FAIL vs. Real: FAIL)
</msg>
<msg timestamp="20200629 14:22:45.219" level="TRACE">Return: None</msg>
<status status="PASS" starttime="20200629 14:22:45.217" endtime="20200629 14:22:45.219"></status>
</kw>
<msg timestamp="20200629 14:22:45.220" level="TRACE">Return: None</msg>
<status status="PASS" starttime="20200629 14:22:45.203" endtime="20200629 14:22:45.220"></status>
</kw>
<kw name="executor">
<arguments>
<arg>PACKET_OPERATION</arg>
<arg>100M+10%</arg>
</arguments>
<msg timestamp="20200629 14:22:45.223" level="TRACE">Arguments: [ ${keyword}='PACKET_OPERATION' | ${expression}='100M+10%' | ${expected}='PASS' | ${deviation}='' | ${reason}='' ]</msg>
<kw name="Run Keyword And Ignore Error" library="BuiltIn">
<doc>Runs the given keyword with the given arguments and ignores possible error.</doc>
<arguments>
<arg>${keyword}</arg>
<arg>${expression}</arg>
<arg>deviation_str=${deviation}</arg>
<arg>reason=${reason}</arg>
</arguments>
<assign>
<var>${st}</var>
</assign>
<msg timestamp="20200629 14:22:45.226" level="TRACE">Arguments: [ 'PACKET_OPERATION' | '${expression}' | 'deviation_str=${deviation}' | 'reason=${reason}' ]</msg>
<kw name="PACKET_OPERATION" library="robot_math.ROBOT_MATH">
<doc>Provide logical and mathematical operation with packet</doc>
<arguments>
<arg>${expression}</arg>
<arg>deviation_str=${deviation}</arg>
<arg>reason=${reason}</arg>
</arguments>
<msg timestamp="20200629 14:22:45.229" level="TRACE">Arguments: [ '100M+10%' | deviation_str='' | reason='' ]</msg>
<msg timestamp="20200629 14:22:45.230" level="TRACE">100M+10%</msg>
<msg timestamp="20200629 14:22:45.230" level="TRACE">100.0M add +/-10.00%)</msg>
<msg timestamp="20200629 14:22:45.231" level="DEBUG">Number 800000000 add (+/-10.00%) = 880000000.0000001</msg>
<msg timestamp="20200629 14:22:45.231" level="DEBUG">Result: 110.0M</msg>
<msg timestamp="20200629 14:22:45.231" level="TRACE">Return: 110.0M</msg>
<status status="PASS" starttime="20200629 14:22:45.227" endtime="20200629 14:22:45.232"></status>
</kw>
<msg timestamp="20200629 14:22:45.232" level="TRACE">Return: ('PASS', 110.0M)</msg>
<msg timestamp="20200629 14:22:45.232" level="INFO">${st} = ('PASS', 110.0M)</msg>
<status status="PASS" starttime="20200629 14:22:45.224" endtime="20200629 14:22:45.232"></status>
</kw>
<kw name="Run Keyword If" library="BuiltIn">
<doc>Runs the given keyword with the given arguments, if ``condition`` is true.</doc>
<arguments>
<arg>'${st}[0]' != '${expected}'</arg>
<arg>fail</arg>
<arg>Expression ${expression} failed</arg>
</arguments>
<msg timestamp="20200629 14:22:45.234" level="TRACE">Arguments: [ "'PASS' != 'PASS'" | 'fail' | 'Expression ${expression} failed' ]</msg>
<msg timestamp="20200629 14:22:45.234" level="TRACE">Return: None</msg>
<status status="PASS" starttime="20200629 14:22:45.233" endtime="20200629 14:22:45.235"></status>
</kw>
<kw name="Set Test Message" library="BuiltIn">
<doc>Sets message for the current test case.</doc>
<arguments>
<arg>Expression ${expression} completed with: ${st}[1] (Expected: ${expected} vs. Real: ${st}[0])\n</arg>
<arg>append=${TRUE}</arg>
</arguments>
<msg timestamp="20200629 14:22:45.236" level="TRACE">Arguments: [ 'Expression 100M+10% completed with: 110.0M (Expected: PASS vs. Real: PASS)\n' | append=True ]</msg>
<msg timestamp="20200629 14:22:45.237" level="INFO">Set test message to:
Expression 10M==80m completed with: True (Expected: PASS vs. Real: PASS)
 Expression 10M==9M completed with: True (Expected: PASS vs. Real: PASS)
 Expression 10M&gt;80m completed with: AssertionError (Expected: FAIL vs. Real: FAIL)
 Expression 10M&lt;80m completed with: My reason to fail (Expected: FAIL vs. Real: FAIL)
 Expression 100M+10% completed with: 110.0M (Expected: PASS vs. Real: PASS)
</msg>
<msg timestamp="20200629 14:22:45.237" level="TRACE">Return: None</msg>
<status status="PASS" starttime="20200629 14:22:45.235" endtime="20200629 14:22:45.237"></status>
</kw>
<msg timestamp="20200629 14:22:45.238" level="TRACE">Return: None</msg>
<status status="PASS" starttime="20200629 14:22:45.221" endtime="20200629 14:22:45.238"></status>
</kw>
<kw name="executor">
<arguments>
<arg>PACKET_OPERATION</arg>
<arg>100M + 10%</arg>
</arguments>
<msg timestamp="20200629 14:22:45.242" level="TRACE">Arguments: [ ${keyword}='PACKET_OPERATION' | ${expression}='100M + 10%' | ${expected}='PASS' | ${deviation}='' | ${reason}='' ]</msg>
<kw name="Run Keyword And Ignore Error" library="BuiltIn">
<doc>Runs the given keyword with the given arguments and ignores possible error.</doc>
<arguments>
<arg>${keyword}</arg>
<arg>${expression}</arg>
<arg>deviation_str=${deviation}</arg>
<arg>reason=${reason}</arg>
</arguments>
<assign>
<var>${st}</var>
</assign>
<msg timestamp="20200629 14:22:45.244" level="TRACE">Arguments: [ 'PACKET_OPERATION' | '${expression}' | 'deviation_str=${deviation}' | 'reason=${reason}' ]</msg>
<kw name="PACKET_OPERATION" library="robot_math.ROBOT_MATH">
<doc>Provide logical and mathematical operation with packet</doc>
<arguments>
<arg>${expression}</arg>
<arg>deviation_str=${deviation}</arg>
<arg>reason=${reason}</arg>
</arguments>
<msg timestamp="20200629 14:22:45.248" level="TRACE">Arguments: [ '100M + 10%' | deviation_str='' | reason='' ]</msg>
<msg timestamp="20200629 14:22:45.248" level="TRACE">100M + 10%</msg>
<msg timestamp="20200629 14:22:45.249" level="TRACE">100.0M add +/-10.00%)</msg>
<msg timestamp="20200629 14:22:45.249" level="DEBUG">Number 800000000 add (+/-10.00%) = 880000000.0000001</msg>
<msg timestamp="20200629 14:22:45.249" level="DEBUG">Result: 110.0M</msg>
<msg timestamp="20200629 14:22:45.250" level="TRACE">Return: 110.0M</msg>
<status status="PASS" starttime="20200629 14:22:45.245" endtime="20200629 14:22:45.250"></status>
</kw>
<msg timestamp="20200629 14:22:45.250" level="TRACE">Return: ('PASS', 110.0M)</msg>
<msg timestamp="20200629 14:22:45.250" level="INFO">${st} = ('PASS', 110.0M)</msg>
<status status="PASS" starttime="20200629 14:22:45.244" endtime="20200629 14:22:45.251"></status>
</kw>
<kw name="Run Keyword If" library="BuiltIn">
<doc>Runs the given keyword with the given arguments, if ``condition`` is true.</doc>
<arguments>
<arg>'${st}[0]' != '${expected}'</arg>
<arg>fail</arg>
<arg>Expression ${expression} failed</arg>
</arguments>
<msg timestamp="20200629 14:22:45.252" level="TRACE">Arguments: [ "'PASS' != 'PASS'" | 'fail' | 'Expression ${expression} failed' ]</msg>
<msg timestamp="20200629 14:22:45.253" level="TRACE">Return: None</msg>
<status status="PASS" starttime="20200629 14:22:45.251" endtime="20200629 14:22:45.253"></status>
</kw>
<kw name="Set Test Message" library="BuiltIn">
<doc>Sets message for the current test case.</doc>
<arguments>
<arg>Expression ${expression} completed with: ${st}[1] (Expected: ${expected} vs. Real: ${st}[0])\n</arg>
<arg>append=${TRUE}</arg>
</arguments>
<msg timestamp="20200629 14:22:45.256" level="TRACE">Arguments: [ 'Expression 100M + 10% completed with: 110.0M (Expected: PASS vs. Real: PASS)\n' | append=True ]</msg>
<msg timestamp="20200629 14:22:45.256" level="INFO">Set test message to:
Expression 10M==80m completed with: True (Expected: PASS vs. Real: PASS)
 Expression 10M==9M completed with: True (Expected: PASS vs. Real: PASS)
 Expression 10M&gt;80m completed with: AssertionError (Expected: FAIL vs. Real: FAIL)
 Expression 10M&lt;80m completed with: My reason to fail (Expected: FAIL vs. Real: FAIL)
 Expression 100M+10% completed with: 110.0M (Expected: PASS vs. Real: PASS)
 Expression 100M + 10% completed with: 110.0M (Expected: PASS vs. Real: PASS)
</msg>
<msg timestamp="20200629 14:22:45.256" level="TRACE">Return: None</msg>
<status status="PASS" starttime="20200629 14:22:45.254" endtime="20200629 14:22:45.256"></status>
</kw>
<msg timestamp="20200629 14:22:45.257" level="TRACE">Return: None</msg>
<status status="PASS" starttime="20200629 14:22:45.239" endtime="20200629 14:22:45.257"></status>
</kw>
<kw name="executor">
<arguments>
<arg>PACKET_OPERATION</arg>
<arg>100M - 10%</arg>
</arguments>
<msg timestamp="20200629 14:22:45.261" level="TRACE">Arguments: [ ${keyword}='PACKET_OPERATION' | ${expression}='100M - 10%' | ${expected}='PASS' | ${deviation}='' | ${reason}='' ]</msg>
<kw name="Run Keyword And Ignore Error" library="BuiltIn">
<doc>Runs the given keyword with the given arguments and ignores possible error.</doc>
<arguments>
<arg>${keyword}</arg>
<arg>${expression}</arg>
<arg>deviation_str=${deviation}</arg>
<arg>reason=${reason}</arg>
</arguments>
<assign>
<var>${st}</var>
</assign>
<msg timestamp="20200629 14:22:45.263" level="TRACE">Arguments: [ 'PACKET_OPERATION' | '${expression}' | 'deviation_str=${deviation}' | 'reason=${reason}' ]</msg>
<kw name="PACKET_OPERATION" library="robot_math.ROBOT_MATH">
<doc>Provide logical and mathematical operation with packet</doc>
<arguments>
<arg>${expression}</arg>
<arg>deviation_str=${deviation}</arg>
<arg>reason=${reason}</arg>
</arguments>
<msg timestamp="20200629 14:22:45.265" level="TRACE">Arguments: [ '100M - 10%' | deviation_str='' | reason='' ]</msg>
<msg timestamp="20200629 14:22:45.266" level="TRACE">100M - 10%</msg>
<msg timestamp="20200629 14:22:45.266" level="TRACE">100.0M sub +/-10.00%)</msg>
<msg timestamp="20200629 14:22:45.266" level="DEBUG">Number 800000000 sub (+/-10.00%) = 720000000.0</msg>
<msg timestamp="20200629 14:22:45.266" level="DEBUG">Result: 90.0M</msg>
<msg timestamp="20200629 14:22:45.267" level="TRACE">Return: 90.0M</msg>
<status status="PASS" starttime="20200629 14:22:45.264" endtime="20200629 14:22:45.267"></status>
</kw>
<msg timestamp="20200629 14:22:45.267" level="TRACE">Return: ('PASS', 90.0M)</msg>
<msg timestamp="20200629 14:22:45.267" level="INFO">${st} = ('PASS', 90.0M)</msg>
<status status="PASS" starttime="20200629 14:22:45.262" endtime="20200629 14:22:45.267"></status>
</kw>
<kw name="Run Keyword If" library="BuiltIn">
<doc>Runs the given keyword with the given arguments, if ``condition`` is true.</doc>
<arguments>
<arg>'${st}[0]' != '${expected}'</arg>
<arg>fail</arg>
<arg>Expression ${expression} failed</arg>
</arguments>
<msg timestamp="20200629 14:22:45.268" level="TRACE">Arguments: [ "'PASS' != 'PASS'" | 'fail' | 'Expression ${expression} failed' ]</msg>
<msg timestamp="20200629 14:22:45.268" level="TRACE">Return: None</msg>
<status status="PASS" starttime="20200629 14:22:45.267" endtime="20200629 14:22:45.268"></status>
</kw>
<kw name="Set Test Message" library="BuiltIn">
<doc>Sets message for the current test case.</doc>
<arguments>
<arg>Expression ${expression} completed with: ${st}[1] (Expected: ${expected} vs. Real: ${st}[0])\n</arg>
<arg>append=${TRUE}</arg>
</arguments>
<msg timestamp="20200629 14:22:45.270" level="TRACE">Arguments: [ 'Expression 100M - 10% completed with: 90.0M (Expected: PASS vs. Real: PASS)\n' | append=True ]</msg>
<msg timestamp="20200629 14:22:45.270" level="INFO">Set test message to:
Expression 10M==80m completed with: True (Expected: PASS vs. Real: PASS)
 Expression 10M==9M completed with: True (Expected: PASS vs. Real: PASS)
 Expression 10M&gt;80m completed with: AssertionError (Expected: FAIL vs. Real: FAIL)
 Expression 10M&lt;80m completed with: My reason to fail (Expected: FAIL vs. Real: FAIL)
 Expression 100M+10% completed with: 110.0M (Expected: PASS vs. Real: PASS)
 Expression 100M + 10% completed with: 110.0M (Expected: PASS vs. Real: PASS)
 Expression 100M - 10% completed with: 90.0M (Expected: PASS vs. Real: PASS)
</msg>
<msg timestamp="20200629 14:22:45.270" level="TRACE">Return: None</msg>
<status status="PASS" starttime="20200629 14:22:45.269" endtime="20200629 14:22:45.270"></status>
</kw>
<msg timestamp="20200629 14:22:45.270" level="TRACE">Return: None</msg>
<status status="PASS" starttime="20200629 14:22:45.257" endtime="20200629 14:22:45.271"></status>
</kw>
<kw name="executor">
<arguments>
<arg>PACKET_OPERATION</arg>
<arg>10M+5M</arg>
</arguments>
<msg timestamp="20200629 14:22:45.272" level="TRACE">Arguments: [ ${keyword}='PACKET_OPERATION' | ${expression}='10M+5M' | ${expected}='PASS' | ${deviation}='' | ${reason}='' ]</msg>
<kw name="Run Keyword And Ignore Error" library="BuiltIn">
<doc>Runs the given keyword with the given arguments and ignores possible error.</doc>
<arguments>
<arg>${keyword}</arg>
<arg>${expression}</arg>
<arg>deviation_str=${deviation}</arg>
<arg>reason=${reason}</arg>
</arguments>
<assign>
<var>${st}</var>
</assign>
<msg timestamp="20200629 14:22:45.274" level="TRACE">Arguments: [ 'PACKET_OPERATION' | '${expression}' | 'deviation_str=${deviation}' | 'reason=${reason}' ]</msg>
<kw name="PACKET_OPERATION" library="robot_math.ROBOT_MATH">
<doc>Provide logical and mathematical operation with packet</doc>
<arguments>
<arg>${expression}</arg>
<arg>deviation_str=${deviation}</arg>
<arg>reason=${reason}</arg>
</arguments>
<msg timestamp="20200629 14:22:45.276" level="TRACE">Arguments: [ '10M+5M' | deviation_str='' | reason='' ]</msg>
<msg timestamp="20200629 14:22:45.276" level="TRACE">10M+5M</msg>
<msg timestamp="20200629 14:22:45.277" level="TRACE">10.0M add 5.0M)</msg>
<msg timestamp="20200629 14:22:45.277" level="DEBUG">Result: 15.0M</msg>
<msg timestamp="20200629 14:22:45.277" level="TRACE">Return: 15.0M</msg>
<status status="PASS" starttime="20200629 14:22:45.274" endtime="20200629 14:22:45.277"></status>
</kw>
<msg timestamp="20200629 14:22:45.277" level="TRACE">Return: ('PASS', 15.0M)</msg>
<msg timestamp="20200629 14:22:45.278" level="INFO">${st} = ('PASS', 15.0M)</msg>
<status status="PASS" starttime="20200629 14:22:45.273" endtime="20200629 14:22:45.278"></status>
</kw>
<kw name="Run Keyword If" library="BuiltIn">
<doc>Runs the given keyword with the given arguments, if ``condition`` is true.</doc>
<arguments>
<arg>'${st}[0]' != '${expected}'</arg>
<arg>fail</arg>
<arg>Expression ${expression} failed</arg>
</arguments>
<msg timestamp="20200629 14:22:45.278" level="TRACE">Arguments: [ "'PASS' != 'PASS'" | 'fail' | 'Expression ${expression} failed' ]</msg>
<msg timestamp="20200629 14:22:45.279" level="TRACE">Return: None</msg>
<status status="PASS" starttime="20200629 14:22:45.278" endtime="20200629 14:22:45.279"></status>
</kw>
<kw name="Set Test Message" library="BuiltIn">
<doc>Sets message for the current test case.</doc>
<arguments>
<arg>Expression ${expression} completed with: ${st}[1] (Expected: ${expected} vs. Real: ${st}[0])\n</arg>
<arg>append=${TRUE}</arg>
</arguments>
<msg timestamp="20200629 14:22:45.280" level="TRACE">Arguments: [ 'Expression 10M+5M completed with: 15.0M (Expected: PASS vs. Real: PASS)\n' | append=True ]</msg>
<msg timestamp="20200629 14:22:45.280" level="INFO">Set test message to:
Expression 10M==80m completed with: True (Expected: PASS vs. Real: PASS)
 Expression 10M==9M completed with: True (Expected: PASS vs. Real: PASS)
 Expression 10M&gt;80m completed with: AssertionError (Expected: FAIL vs. Real: FAIL)
 Expression 10M&lt;80m completed with: My reason to fail (Expected: FAIL vs. Real: FAIL)
 Expression 100M+10% completed with: 110.0M (Expected: PASS vs. Real: PASS)
 Expression 100M + 10% completed with: 110.0M (Expected: PASS vs. Real: PASS)
 Expression 100M - 10% completed with: 90.0M (Expected: PASS vs. Real: PASS)
 Expression 10M+5M completed with: 15.0M (Expected: PASS vs. Real: PASS)
</msg>
<msg timestamp="20200629 14:22:45.280" level="TRACE">Return: None</msg>
<status status="PASS" starttime="20200629 14:22:45.279" endtime="20200629 14:22:45.281"></status>
</kw>
<msg timestamp="20200629 14:22:45.281" level="TRACE">Return: None</msg>
<status status="PASS" starttime="20200629 14:22:45.271" endtime="20200629 14:22:45.281"></status>
</kw>
<tags>
<tag>Packet</tag>
</tags>
<status status="PASS" starttime="20200629 14:22:45.150" endtime="20200629 14:22:45.282" critical="yes">Expression 10M==80m completed with: True (Expected: PASS vs. Real: PASS)
 Expression 10M==9M completed with: True (Expected: PASS vs. Real: PASS)
 Expression 10M&gt;80m completed with: AssertionError (Expected: FAIL vs. Real: FAIL)
 Expression 10M&lt;80m completed with: My reason to fail (Expected: FAIL vs. Real: FAIL)
 Expression 100M+10% completed with: 110.0M (Expected: PASS vs. Real: PASS)
 Expression 100M + 10% completed with: 110.0M (Expected: PASS vs. Real: PASS)
 Expression 100M - 10% completed with: 90.0M (Expected: PASS vs. Real: PASS)
 Expression 10M+5M completed with: 15.0M (Expected: PASS vs. Real: PASS)
</status>
</test>
<test id="s1-s1-t2" name="Time test">
<kw name="executor">
<arguments>
<arg>TIME_OPERATION</arg>
<arg>1h==60m</arg>
</arguments>
<msg timestamp="20200629 14:22:45.286" level="TRACE">Arguments: [ ${keyword}='TIME_OPERATION' | ${expression}='1h==60m' | ${expected}='PASS' | ${deviation}='' | ${reason}='' ]</msg>
<kw name="Run Keyword And Ignore Error" library="BuiltIn">
<doc>Runs the given keyword with the given arguments and ignores possible error.</doc>
<arguments>
<arg>${keyword}</arg>
<arg>${expression}</arg>
<arg>deviation_str=${deviation}</arg>
<arg>reason=${reason}</arg>
</arguments>
<assign>
<var>${st}</var>
</assign>
<msg timestamp="20200629 14:22:45.287" level="TRACE">Arguments: [ 'TIME_OPERATION' | '${expression}' | 'deviation_str=${deviation}' | 'reason=${reason}' ]</msg>
<kw name="TIME_OPERATION" library="robot_math.ROBOT_MATH">
<doc>    RF_MATH_OPERATION</doc>
<arguments>
<arg>${expression}</arg>
<arg>deviation_str=${deviation}</arg>
<arg>reason=${reason}</arg>
</arguments>
<msg timestamp="20200629 14:22:45.289" level="TRACE">Arguments: [ '1h==60m' | deviation_str='' | reason='' ]</msg>
<msg timestamp="20200629 14:22:45.289" level="TRACE">1h==60m</msg>
<msg timestamp="20200629 14:22:45.291" level="TRACE">1h eq 1h)</msg>
<msg timestamp="20200629 14:22:45.291" level="DEBUG">Result: True</msg>
<msg timestamp="20200629 14:22:45.291" level="TRACE">Return: True</msg>
<status status="PASS" starttime="20200629 14:22:45.288" endtime="20200629 14:22:45.291"></status>
</kw>
<msg timestamp="20200629 14:22:45.292" level="TRACE">Return: ('PASS', True)</msg>
<msg timestamp="20200629 14:22:45.292" level="INFO">${st} = ('PASS', True)</msg>
<status status="PASS" starttime="20200629 14:22:45.287" endtime="20200629 14:22:45.292"></status>
</kw>
<kw name="Run Keyword If" library="BuiltIn">
<doc>Runs the given keyword with the given arguments, if ``condition`` is true.</doc>
<arguments>
<arg>'${st}[0]' != '${expected}'</arg>
<arg>fail</arg>
<arg>Expression ${expression} failed</arg>
</arguments>
<msg timestamp="20200629 14:22:45.293" level="TRACE">Arguments: [ "'PASS' != 'PASS'" | 'fail' | 'Expression ${expression} failed' ]</msg>
<msg timestamp="20200629 14:22:45.294" level="TRACE">Return: None</msg>
<status status="PASS" starttime="20200629 14:22:45.293" endtime="20200629 14:22:45.294"></status>
</kw>
<kw name="Set Test Message" library="BuiltIn">
<doc>Sets message for the current test case.</doc>
<arguments>
<arg>Expression ${expression} completed with: ${st}[1] (Expected: ${expected} vs. Real: ${st}[0])\n</arg>
<arg>append=${TRUE}</arg>
</arguments>
<msg timestamp="20200629 14:22:45.295" level="TRACE">Arguments: [ 'Expression 1h==60m completed with: True (Expected: PASS vs. Real: PASS)\n' | append=True ]</msg>
<msg timestamp="20200629 14:22:45.295" level="INFO">Set test message to:
Expression 1h==60m completed with: True (Expected: PASS vs. Real: PASS)
</msg>
<msg timestamp="20200629 14:22:45.295" level="TRACE">Return: None</msg>
<status status="PASS" starttime="20200629 14:22:45.294" endtime="20200629 14:22:45.296"></status>
</kw>
<msg timestamp="20200629 14:22:45.296" level="TRACE">Return: None</msg>
<status status="PASS" starttime="20200629 14:22:45.285" endtime="20200629 14:22:45.296"></status>
</kw>
<kw name="executor">
<arguments>
<arg>TIME_OPERATION</arg>
<arg>1h&gt;=60m</arg>
</arguments>
<msg timestamp="20200629 14:22:45.298" level="TRACE">Arguments: [ ${keyword}='TIME_OPERATION' | ${expression}='1h&gt;=60m' | ${expected}='PASS' | ${deviation}='' | ${reason}='' ]</msg>
<kw name="Run Keyword And Ignore Error" library="BuiltIn">
<doc>Runs the given keyword with the given arguments and ignores possible error.</doc>
<arguments>
<arg>${keyword}</arg>
<arg>${expression}</arg>
<arg>deviation_str=${deviation}</arg>
<arg>reason=${reason}</arg>
</arguments>
<assign>
<var>${st}</var>
</assign>
<msg timestamp="20200629 14:22:45.299" level="TRACE">Arguments: [ 'TIME_OPERATION' | '${expression}' | 'deviation_str=${deviation}' | 'reason=${reason}' ]</msg>
<kw name="TIME_OPERATION" library="robot_math.ROBOT_MATH">
<doc>    RF_MATH_OPERATION</doc>
<arguments>
<arg>${expression}</arg>
<arg>deviation_str=${deviation}</arg>
<arg>reason=${reason}</arg>
</arguments>
<msg timestamp="20200629 14:22:45.301" level="TRACE">Arguments: [ '1h&gt;=60m' | deviation_str='' | reason='' ]</msg>
<msg timestamp="20200629 14:22:45.301" level="TRACE">1h&gt;=60m</msg>
<msg timestamp="20200629 14:22:45.301" level="TRACE">1h ge 1h)</msg>
<msg timestamp="20200629 14:22:45.301" level="DEBUG">Result: True</msg>
<msg timestamp="20200629 14:22:45.301" level="TRACE">Return: True</msg>
<status status="PASS" starttime="20200629 14:22:45.299" endtime="20200629 14:22:45.302"></status>
</kw>
<msg timestamp="20200629 14:22:45.302" level="TRACE">Return: ('PASS', True)</msg>
<msg timestamp="20200629 14:22:45.302" level="INFO">${st} = ('PASS', True)</msg>
<status status="PASS" starttime="20200629 14:22:45.298" endtime="20200629 14:22:45.302"></status>
</kw>
<kw name="Run Keyword If" library="BuiltIn">
<doc>Runs the given keyword with the given arguments, if ``condition`` is true.</doc>
<arguments>
<arg>'${st}[0]' != '${expected}'</arg>
<arg>fail</arg>
<arg>Expression ${expression} failed</arg>
</arguments>
<msg timestamp="20200629 14:22:45.303" level="TRACE">Arguments: [ "'PASS' != 'PASS'" | 'fail' | 'Expression ${expression} failed' ]</msg>
<msg timestamp="20200629 14:22:45.303" level="TRACE">Return: None</msg>
<status status="PASS" starttime="20200629 14:22:45.303" endtime="20200629 14:22:45.304"></status>
</kw>
<kw name="Set Test Message" library="BuiltIn">
<doc>Sets message for the current test case.</doc>
<arguments>
<arg>Expression ${expression} completed with: ${st}[1] (Expected: ${expected} vs. Real: ${st}[0])\n</arg>
<arg>append=${TRUE}</arg>
</arguments>
<msg timestamp="20200629 14:22:45.305" level="TRACE">Arguments: [ 'Expression 1h&gt;=60m completed with: True (Expected: PASS vs. Real: PASS)\n' | append=True ]</msg>
<msg timestamp="20200629 14:22:45.305" level="INFO">Set test message to:
Expression 1h==60m completed with: True (Expected: PASS vs. Real: PASS)
 Expression 1h&gt;=60m completed with: True (Expected: PASS vs. Real: PASS)
</msg>
<msg timestamp="20200629 14:22:45.305" level="TRACE">Return: None</msg>
<status status="PASS" starttime="20200629 14:22:45.304" endtime="20200629 14:22:45.306"></status>
</kw>
<msg timestamp="20200629 14:22:45.306" level="TRACE">Return: None</msg>
<status status="PASS" starttime="20200629 14:22:45.296" endtime="20200629 14:22:45.306"></status>
</kw>
<kw name="executor">
<arguments>
<arg>TIME_OPERATION</arg>
<arg>1h&lt;=60m</arg>
</arguments>
<msg timestamp="20200629 14:22:45.308" level="TRACE">Arguments: [ ${keyword}='TIME_OPERATION' | ${expression}='1h&lt;=60m' | ${expected}='PASS' | ${deviation}='' | ${reason}='' ]</msg>
<kw name="Run Keyword And Ignore Error" library="BuiltIn">
<doc>Runs the given keyword with the given arguments and ignores possible error.</doc>
<arguments>
<arg>${keyword}</arg>
<arg>${expression}</arg>
<arg>deviation_str=${deviation}</arg>
<arg>reason=${reason}</arg>
</arguments>
<assign>
<var>${st}</var>
</assign>
<msg timestamp="20200629 14:22:45.310" level="TRACE">Arguments: [ 'TIME_OPERATION' | '${expression}' | 'deviation_str=${deviation}' | 'reason=${reason}' ]</msg>
<kw name="TIME_OPERATION" library="robot_math.ROBOT_MATH">
<doc>    RF_MATH_OPERATION</doc>
<arguments>
<arg>${expression}</arg>
<arg>deviation_str=${deviation}</arg>
<arg>reason=${reason}</arg>
</arguments>
<msg timestamp="20200629 14:22:45.311" level="TRACE">Arguments: [ '1h&lt;=60m' | deviation_str='' | reason='' ]</msg>
<msg timestamp="20200629 14:22:45.312" level="TRACE">1h&lt;=60m</msg>
<msg timestamp="20200629 14:22:45.312" level="TRACE">1h le 1h)</msg>
<msg timestamp="20200629 14:22:45.313" level="DEBUG">Result: True</msg>
<msg timestamp="20200629 14:22:45.313" level="TRACE">Return: True</msg>
<status status="PASS" starttime="20200629 14:22:45.310" endtime="20200629 14:22:45.313"></status>
</kw>
<msg timestamp="20200629 14:22:45.313" level="TRACE">Return: ('PASS', True)</msg>
<msg timestamp="20200629 14:22:45.313" level="INFO">${st} = ('PASS', True)</msg>
<status status="PASS" starttime="20200629 14:22:45.310" endtime="20200629 14:22:45.314"></status>
</kw>
<kw name="Run Keyword If" library="BuiltIn">
<doc>Runs the given keyword with the given arguments, if ``condition`` is true.</doc>
<arguments>
<arg>'${st}[0]' != '${expected}'</arg>
<arg>fail</arg>
<arg>Expression ${expression} failed</arg>
</arguments>
<msg timestamp="20200629 14:22:45.314" level="TRACE">Arguments: [ "'PASS' != 'PASS'" | 'fail' | 'Expression ${expression} failed' ]</msg>
<msg timestamp="20200629 14:22:45.315" level="TRACE">Return: None</msg>
<status status="PASS" starttime="20200629 14:22:45.314" endtime="20200629 14:22:45.315"></status>
</kw>
<kw name="Set Test Message" library="BuiltIn">
<doc>Sets message for the current test case.</doc>
<arguments>
<arg>Expression ${expression} completed with: ${st}[1] (Expected: ${expected} vs. Real: ${st}[0])\n</arg>
<arg>append=${TRUE}</arg>
</arguments>
<msg timestamp="20200629 14:22:45.316" level="TRACE">Arguments: [ 'Expression 1h&lt;=60m completed with: True (Expected: PASS vs. Real: PASS)\n' | append=True ]</msg>
<msg timestamp="20200629 14:22:45.316" level="INFO">Set test message to:
Expression 1h==60m completed with: True (Expected: PASS vs. Real: PASS)
 Expression 1h&gt;=60m completed with: True (Expected: PASS vs. Real: PASS)
 Expression 1h&lt;=60m completed with: True (Expected: PASS vs. Real: PASS)
</msg>
<msg timestamp="20200629 14:22:45.317" level="TRACE">Return: None</msg>
<status status="PASS" starttime="20200629 14:22:45.315" endtime="20200629 14:22:45.317"></status>
</kw>
<msg timestamp="20200629 14:22:45.317" level="TRACE">Return: None</msg>
<status status="PASS" starttime="20200629 14:22:45.306" endtime="20200629 14:22:45.317"></status>
</kw>
<kw name="executor">
<arguments>
<arg>TIME_OPERATION</arg>
<arg>1h==59m</arg>
<arg>expected=FAIL</arg>
</arguments>
<msg timestamp="20200629 14:22:45.319" level="TRACE">Arguments: [ ${keyword}='TIME_OPERATION' | ${expression}='1h==59m' | ${expected}='FAIL' | ${deviation}='' | ${reason}='' ]</msg>
<kw name="Run Keyword And Ignore Error" library="BuiltIn">
<doc>Runs the given keyword with the given arguments and ignores possible error.</doc>
<arguments>
<arg>${keyword}</arg>
<arg>${expression}</arg>
<arg>deviation_str=${deviation}</arg>
<arg>reason=${reason}</arg>
</arguments>
<assign>
<var>${st}</var>
</assign>
<msg timestamp="20200629 14:22:45.320" level="TRACE">Arguments: [ 'TIME_OPERATION' | '${expression}' | 'deviation_str=${deviation}' | 'reason=${reason}' ]</msg>
<kw name="TIME_OPERATION" library="robot_math.ROBOT_MATH">
<doc>    RF_MATH_OPERATION</doc>
<arguments>
<arg>${expression}</arg>
<arg>deviation_str=${deviation}</arg>
<arg>reason=${reason}</arg>
</arguments>
<msg timestamp="20200629 14:22:45.321" level="TRACE">Arguments: [ '1h==59m' | deviation_str='' | reason='' ]</msg>
<msg timestamp="20200629 14:22:45.322" level="TRACE">1h==59m</msg>
<msg timestamp="20200629 14:22:45.322" level="TRACE">1h eq 59m)</msg>
<msg timestamp="20200629 14:22:45.322" level="DEBUG">Result: False</msg>
<msg timestamp="20200629 14:22:45.323" level="FAIL">AssertionError</msg>
<msg timestamp="20200629 14:22:45.323" level="DEBUG">Traceback (most recent call last):
  File "C:\git\robotframework-calculator\robot_math\ROBOT_MATH.py", line 195, in time_operation
    raise e
  File "C:\git\robotframework-calculator\robot_math\ROBOT_MATH.py", line 192, in time_operation
    assert result is not False, f"{operand1} {operation.__name__} {operand2} False" if reason is None else reason</msg>
<status status="FAIL" starttime="20200629 14:22:45.320" endtime="20200629 14:22:45.323"></status>
</kw>
<msg timestamp="20200629 14:22:45.323" level="TRACE">Return: ('FAIL', 'AssertionError')</msg>
<msg timestamp="20200629 14:22:45.323" level="INFO">${st} = ('FAIL', 'AssertionError')</msg>
<status status="PASS" starttime="20200629 14:22:45.319" endtime="20200629 14:22:45.323"></status>
</kw>
<kw name="Run Keyword If" library="BuiltIn">
<doc>Runs the given keyword with the given arguments, if ``condition`` is true.</doc>
<arguments>
<arg>'${st}[0]' != '${expected}'</arg>
<arg>fail</arg>
<arg>Expression ${expression} failed</arg>
</arguments>
<msg timestamp="20200629 14:22:45.324" level="TRACE">Arguments: [ "'FAIL' != 'FAIL'" | 'fail' | 'Expression ${expression} failed' ]</msg>
<msg timestamp="20200629 14:22:45.324" level="TRACE">Return: None</msg>
<status status="PASS" starttime="20200629 14:22:45.323" endtime="20200629 14:22:45.325"></status>
</kw>
<kw name="Set Test Message" library="BuiltIn">
<doc>Sets message for the current test case.</doc>
<arguments>
<arg>Expression ${expression} completed with: ${st}[1] (Expected: ${expected} vs. Real: ${st}[0])\n</arg>
<arg>append=${TRUE}</arg>
</arguments>
<msg timestamp="20200629 14:22:45.327" level="TRACE">Arguments: [ 'Expression 1h==59m completed with: AssertionError (Expected: FAIL vs. Real: FAIL)\n' | append=True ]</msg>
<msg timestamp="20200629 14:22:45.327" level="INFO">Set test message to:
Expression 1h==60m completed with: True (Expected: PASS vs. Real: PASS)
 Expression 1h&gt;=60m completed with: True (Expected: PASS vs. Real: PASS)
 Expression 1h&lt;=60m completed with: True (Expected: PASS vs. Real: PASS)
 Expression 1h==59m completed with: AssertionError (Expected: FAIL vs. Real: FAIL)
</msg>
<msg timestamp="20200629 14:22:45.327" level="TRACE">Return: None</msg>
<status status="PASS" starttime="20200629 14:22:45.326" endtime="20200629 14:22:45.327"></status>
</kw>
<msg timestamp="20200629 14:22:45.328" level="TRACE">Return: None</msg>
<status status="PASS" starttime="20200629 14:22:45.318" endtime="20200629 14:22:45.328"></status>
</kw>
<kw name="executor">
<arguments>
<arg>TIME_OPERATION</arg>
<arg>1h==54m</arg>
<arg>deviation=10%</arg>
</arguments>
<msg timestamp="20200629 14:22:45.330" level="TRACE">Arguments: [ ${keyword}='TIME_OPERATION' | ${expression}='1h==54m' | ${expected}='PASS' | ${deviation}='10%' | ${reason}='' ]</msg>
<kw name="Run Keyword And Ignore Error" library="BuiltIn">
<doc>Runs the given keyword with the given arguments and ignores possible error.</doc>
<arguments>
<arg>${keyword}</arg>
<arg>${expression}</arg>
<arg>deviation_str=${deviation}</arg>
<arg>reason=${reason}</arg>
</arguments>
<assign>
<var>${st}</var>
</assign>
<msg timestamp="20200629 14:22:45.331" level="TRACE">Arguments: [ 'TIME_OPERATION' | '${expression}' | 'deviation_str=${deviation}' | 'reason=${reason}' ]</msg>
<kw name="TIME_OPERATION" library="robot_math.ROBOT_MATH">
<doc>    RF_MATH_OPERATION</doc>
<arguments>
<arg>${expression}</arg>
<arg>deviation_str=${deviation}</arg>
<arg>reason=${reason}</arg>
</arguments>
<msg timestamp="20200629 14:22:45.332" level="TRACE">Arguments: [ '1h==54m' | deviation_str='10%' | reason='' ]</msg>
<msg timestamp="20200629 14:22:45.333" level="TRACE">1h==54m, 10%</msg>
<msg timestamp="20200629 14:22:45.333" level="TRACE">1h eq 54m (Deviation: +/-10.00%)</msg>
<msg timestamp="20200629 14:22:45.334" level="DEBUG">Number 3600 sub (+/-10.00%) = 3240.0</msg>
<msg timestamp="20200629 14:22:45.334" level="DEBUG">Number 3600 add (+/-10.00%) = 3960.0000000000005</msg>
<msg timestamp="20200629 14:22:45.334" level="DEBUG">Result: True</msg>
<msg timestamp="20200629 14:22:45.334" level="TRACE">Return: True</msg>
<status status="PASS" starttime="20200629 14:22:45.331" endtime="20200629 14:22:45.334"></status>
</kw>
<msg timestamp="20200629 14:22:45.334" level="TRACE">Return: ('PASS', True)</msg>
<msg timestamp="20200629 14:22:45.335" level="INFO">${st} = ('PASS', True)</msg>
<status status="PASS" starttime="20200629 14:22:45.330" endtime="20200629 14:22:45.335"></status>
</kw>
<kw name="Run Keyword If" library="BuiltIn">
<doc>Runs the given keyword with the given arguments, if ``condition`` is true.</doc>
<arguments>
<arg>'${st}[0]' != '${expected}'</arg>
<arg>fail</arg>
<arg>Expression ${expression} failed</arg>
</arguments>
<msg timestamp="20200629 14:22:45.336" level="TRACE">Arguments: [ "'PASS' != 'PASS'" | 'fail' | 'Expression ${expression} failed' ]</msg>
<msg timestamp="20200629 14:22:45.336" level="TRACE">Return: None</msg>
<status status="PASS" starttime="20200629 14:22:45.335" endtime="20200629 14:22:45.336"></status>
</kw>
<kw name="Set Test Message" library="BuiltIn">
<doc>Sets message for the current test case.</doc>
<arguments>
<arg>Expression ${expression} completed with: ${st}[1] (Expected: ${expected} vs. Real: ${st}[0])\n</arg>
<arg>append=${TRUE}</arg>
</arguments>
<msg timestamp="20200629 14:22:45.338" level="TRACE">Arguments: [ 'Expression 1h==54m completed with: True (Expected: PASS vs. Real: PASS)\n' | append=True ]</msg>
<msg timestamp="20200629 14:22:45.338" level="INFO">Set test message to:
Expression 1h==60m completed with: True (Expected: PASS vs. Real: PASS)
 Expression 1h&gt;=60m completed with: True (Expected: PASS vs. Real: PASS)
 Expression 1h&lt;=60m completed with: True (Expected: PASS vs. Real: PASS)
 Expression 1h==59m completed with: AssertionError (Expected: FAIL vs. Real: FAIL)
 Expression 1h==54m completed with: True (Expected: PASS vs. Real: PASS)
</msg>
<msg timestamp="20200629 14:22:45.338" level="TRACE">Return: None</msg>
<status status="PASS" starttime="20200629 14:22:45.336" endtime="20200629 14:22:45.338"></status>
</kw>
<msg timestamp="20200629 14:22:45.338" level="TRACE">Return: None</msg>
<status status="PASS" starttime="20200629 14:22:45.328" endtime="20200629 14:22:45.339"></status>
</kw>
<kw name="executor">
<arguments>
<arg>TIME_OPERATION</arg>
<arg>1h==54m</arg>
<arg>deviation=0.1</arg>
</arguments>
<msg timestamp="20200629 14:22:45.340" level="TRACE">Arguments: [ ${keyword}='TIME_OPERATION' | ${expression}='1h==54m' | ${expected}='PASS' | ${deviation}='0.1' | ${reason}='' ]</msg>
<kw name="Run Keyword And Ignore Error" library="BuiltIn">
<doc>Runs the given keyword with the given arguments and ignores possible error.</doc>
<arguments>
<arg>${keyword}</arg>
<arg>${expression}</arg>
<arg>deviation_str=${deviation}</arg>
<arg>reason=${reason}</arg>
</arguments>
<assign>
<var>${st}</var>
</assign>
<msg timestamp="20200629 14:22:45.342" level="TRACE">Arguments: [ 'TIME_OPERATION' | '${expression}' | 'deviation_str=${deviation}' | 'reason=${reason}' ]</msg>
<kw name="TIME_OPERATION" library="robot_math.ROBOT_MATH">
<doc>    RF_MATH_OPERATION</doc>
<arguments>
<arg>${expression}</arg>
<arg>deviation_str=${deviation}</arg>
<arg>reason=${reason}</arg>
</arguments>
<msg timestamp="20200629 14:22:45.344" level="TRACE">Arguments: [ '1h==54m' | deviation_str='0.1' | reason='' ]</msg>
<msg timestamp="20200629 14:22:45.344" level="TRACE">1h==54m, 0.1</msg>
<msg timestamp="20200629 14:22:45.345" level="TRACE">1h eq 54m (Deviation: +/-10.00%)</msg>
<msg timestamp="20200629 14:22:45.345" level="DEBUG">Number 3600 sub (+/-10.00%) = 3240.0</msg>
<msg timestamp="20200629 14:22:45.345" level="DEBUG">Number 3600 add (+/-10.00%) = 3960.0000000000005</msg>
<msg timestamp="20200629 14:22:45.345" level="DEBUG">Result: True</msg>
<msg timestamp="20200629 14:22:45.345" level="TRACE">Return: True</msg>
<status status="PASS" starttime="20200629 14:22:45.343" endtime="20200629 14:22:45.345"></status>
</kw>
<msg timestamp="20200629 14:22:45.345" level="TRACE">Return: ('PASS', True)</msg>
<msg timestamp="20200629 14:22:45.346" level="INFO">${st} = ('PASS', True)</msg>
<status status="PASS" starttime="20200629 14:22:45.341" endtime="20200629 14:22:45.346"></status>
</kw>
<kw name="Run Keyword If" library="BuiltIn">
<doc>Runs the given keyword with the given arguments, if ``condition`` is true.</doc>
<arguments>
<arg>'${st}[0]' != '${expected}'</arg>
<arg>fail</arg>
<arg>Expression ${expression} failed</arg>
</arguments>
<msg timestamp="20200629 14:22:45.347" level="TRACE">Arguments: [ "'PASS' != 'PASS'" | 'fail' | 'Expression ${expression} failed' ]</msg>
<msg timestamp="20200629 14:22:45.347" level="TRACE">Return: None</msg>
<status status="PASS" starttime="20200629 14:22:45.346" endtime="20200629 14:22:45.347"></status>
</kw>
<kw name="Set Test Message" library="BuiltIn">
<doc>Sets message for the current test case.</doc>
<arguments>
<arg>Expression ${expression} completed with: ${st}[1] (Expected: ${expected} vs. Real: ${st}[0])\n</arg>
<arg>append=${TRUE}</arg>
</arguments>
<msg timestamp="20200629 14:22:45.349" level="TRACE">Arguments: [ 'Expression 1h==54m completed with: True (Expected: PASS vs. Real: PASS)\n' | append=True ]</msg>
<msg timestamp="20200629 14:22:45.349" level="INFO">Set test message to:
Expression 1h==60m completed with: True (Expected: PASS vs. Real: PASS)
 Expression 1h&gt;=60m completed with: True (Expected: PASS vs. Real: PASS)
 Expression 1h&lt;=60m completed with: True (Expected: PASS vs. Real: PASS)
 Expression 1h==59m completed with: AssertionError (Expected: FAIL vs. Real: FAIL)
 Expression 1h==54m completed with: True (Expected: PASS vs. Real: PASS)
 Expression 1h==54m completed with: True (Expected: PASS vs. Real: PASS)
</msg>
<msg timestamp="20200629 14:22:45.349" level="TRACE">Return: None</msg>
<status status="PASS" starttime="20200629 14:22:45.347" endtime="20200629 14:22:45.349"></status>
</kw>
<msg timestamp="20200629 14:22:45.350" level="TRACE">Return: None</msg>
<status status="PASS" starttime="20200629 14:22:45.339" endtime="20200629 14:22:45.350"></status>
</kw>
<kw name="executor">
<arguments>
<arg>TIME_OPERATION</arg>
<arg>1h==53m</arg>
<arg>deviation=10%</arg>
<arg>reason=My reason</arg>
<arg>expected=FAIL</arg>
</arguments>
<msg timestamp="20200629 14:22:45.352" level="TRACE">Arguments: [ ${keyword}='TIME_OPERATION' | ${expression}='1h==53m' | ${expected}='FAIL' | ${deviation}='10%' | ${reason}='My reason' ]</msg>
<kw name="Run Keyword And Ignore Error" library="BuiltIn">
<doc>Runs the given keyword with the given arguments and ignores possible error.</doc>
<arguments>
<arg>${keyword}</arg>
<arg>${expression}</arg>
<arg>deviation_str=${deviation}</arg>
<arg>reason=${reason}</arg>
</arguments>
<assign>
<var>${st}</var>
</assign>
<msg timestamp="20200629 14:22:45.353" level="TRACE">Arguments: [ 'TIME_OPERATION' | '${expression}' | 'deviation_str=${deviation}' | 'reason=${reason}' ]</msg>
<kw name="TIME_OPERATION" library="robot_math.ROBOT_MATH">
<doc>    RF_MATH_OPERATION</doc>
<arguments>
<arg>${expression}</arg>
<arg>deviation_str=${deviation}</arg>
<arg>reason=${reason}</arg>
</arguments>
<msg timestamp="20200629 14:22:45.355" level="TRACE">Arguments: [ '1h==53m' | deviation_str='10%' | reason='My reason' ]</msg>
<msg timestamp="20200629 14:22:45.355" level="TRACE">1h==53m, 10%</msg>
<msg timestamp="20200629 14:22:45.356" level="TRACE">1h eq 53m (Deviation: +/-10.00%)</msg>
<msg timestamp="20200629 14:22:45.356" level="DEBUG">Number 3600 sub (+/-10.00%) = 3240.0</msg>
<msg timestamp="20200629 14:22:45.356" level="DEBUG">Result: False</msg>
<msg timestamp="20200629 14:22:45.357" level="FAIL">My reason</msg>
<msg timestamp="20200629 14:22:45.357" level="DEBUG">Traceback (most recent call last):
  File "C:\git\robotframework-calculator\robot_math\ROBOT_MATH.py", line 195, in time_operation
    raise e
  File "C:\git\robotframework-calculator\robot_math\ROBOT_MATH.py", line 192, in time_operation
    assert result is not False, f"{operand1} {operation.__name__} {operand2} False" if reason is None else reason</msg>
<status status="FAIL" starttime="20200629 14:22:45.354" endtime="20200629 14:22:45.357"></status>
</kw>
<msg timestamp="20200629 14:22:45.357" level="TRACE">Return: ('FAIL', 'My reason')</msg>
<msg timestamp="20200629 14:22:45.357" level="INFO">${st} = ('FAIL', 'My reason')</msg>
<status status="PASS" starttime="20200629 14:22:45.353" endtime="20200629 14:22:45.357"></status>
</kw>
<kw name="Run Keyword If" library="BuiltIn">
<doc>Runs the given keyword with the given arguments, if ``condition`` is true.</doc>
<arguments>
<arg>'${st}[0]' != '${expected}'</arg>
<arg>fail</arg>
<arg>Expression ${expression} failed</arg>
</arguments>
<msg timestamp="20200629 14:22:45.359" level="TRACE">Arguments: [ "'FAIL' != 'FAIL'" | 'fail' | 'Expression ${expression} failed' ]</msg>
<msg timestamp="20200629 14:22:45.360" level="TRACE">Return: None</msg>
<status status="PASS" starttime="20200629 14:22:45.358" endtime="20200629 14:22:45.360"></status>
</kw>
<kw name="Set Test Message" library="BuiltIn">
<doc>Sets message for the current test case.</doc>
<arguments>
<arg>Expression ${expression} completed with: ${st}[1] (Expected: ${expected} vs. Real: ${st}[0])\n</arg>
<arg>append=${TRUE}</arg>
</arguments>
<msg timestamp="20200629 14:22:45.362" level="TRACE">Arguments: [ 'Expression 1h==53m completed with: My reason (Expected: FAIL vs. Real: FAIL)\n' | append=True ]</msg>
<msg timestamp="20200629 14:22:45.362" level="INFO">Set test message to:
Expression 1h==60m completed with: True (Expected: PASS vs. Real: PASS)
 Expression 1h&gt;=60m completed with: True (Expected: PASS vs. Real: PASS)
 Expression 1h&lt;=60m completed with: True (Expected: PASS vs. Real: PASS)
 Expression 1h==59m completed with: AssertionError (Expected: FAIL vs. Real: FAIL)
 Expression 1h==54m completed with: True (Expected: PASS vs. Real: PASS)
 Expression 1h==54m completed with: True (Expected: PASS vs. Real: PASS)
 Expression 1h==53m completed with: My reason (Expected: FAIL vs. Real: FAIL)
</msg>
<msg timestamp="20200629 14:22:45.363" level="TRACE">Return: None</msg>
<status status="PASS" starttime="20200629 14:22:45.360" endtime="20200629 14:22:45.363"></status>
</kw>
<msg timestamp="20200629 14:22:45.363" level="TRACE">Return: None</msg>
<status status="PASS" starttime="20200629 14:22:45.351" endtime="20200629 14:22:45.364"></status>
</kw>
<kw name="executor">
<arguments>
<arg>TIME_OPERATION</arg>
<arg>1h&gt;59m</arg>
</arguments>
<msg timestamp="20200629 14:22:45.366" level="TRACE">Arguments: [ ${keyword}='TIME_OPERATION' | ${expression}='1h&gt;59m' | ${expected}='PASS' | ${deviation}='' | ${reason}='' ]</msg>
<kw name="Run Keyword And Ignore Error" library="BuiltIn">
<doc>Runs the given keyword with the given arguments and ignores possible error.</doc>
<arguments>
<arg>${keyword}</arg>
<arg>${expression}</arg>
<arg>deviation_str=${deviation}</arg>
<arg>reason=${reason}</arg>
</arguments>
<assign>
<var>${st}</var>
</assign>
<msg timestamp="20200629 14:22:45.368" level="TRACE">Arguments: [ 'TIME_OPERATION' | '${expression}' | 'deviation_str=${deviation}' | 'reason=${reason}' ]</msg>
<kw name="TIME_OPERATION" library="robot_math.ROBOT_MATH">
<doc>    RF_MATH_OPERATION</doc>
<arguments>
<arg>${expression}</arg>
<arg>deviation_str=${deviation}</arg>
<arg>reason=${reason}</arg>
</arguments>
<msg timestamp="20200629 14:22:45.370" level="TRACE">Arguments: [ '1h&gt;59m' | deviation_str='' | reason='' ]</msg>
<msg timestamp="20200629 14:22:45.371" level="TRACE">1h&gt;59m</msg>
<msg timestamp="20200629 14:22:45.371" level="TRACE">1h gt 59m)</msg>
<msg timestamp="20200629 14:22:45.372" level="DEBUG">Result: True</msg>
<msg timestamp="20200629 14:22:45.372" level="TRACE">Return: True</msg>
<status status="PASS" starttime="20200629 14:22:45.368" endtime="20200629 14:22:45.372"></status>
</kw>
<msg timestamp="20200629 14:22:45.372" level="TRACE">Return: ('PASS', True)</msg>
<msg timestamp="20200629 14:22:45.373" level="INFO">${st} = ('PASS', True)</msg>
<status status="PASS" starttime="20200629 14:22:45.367" endtime="20200629 14:22:45.373"></status>
</kw>
<kw name="Run Keyword If" library="BuiltIn">
<doc>Runs the given keyword with the given arguments, if ``condition`` is true.</doc>
<arguments>
<arg>'${st}[0]' != '${expected}'</arg>
<arg>fail</arg>
<arg>Expression ${expression} failed</arg>
</arguments>
<msg timestamp="20200629 14:22:45.374" level="TRACE">Arguments: [ "'PASS' != 'PASS'" | 'fail' | 'Expression ${expression} failed' ]</msg>
<msg timestamp="20200629 14:22:45.374" level="TRACE">Return: None</msg>
<status status="PASS" starttime="20200629 14:22:45.373" endtime="20200629 14:22:45.374"></status>
</kw>
<kw name="Set Test Message" library="BuiltIn">
<doc>Sets message for the current test case.</doc>
<arguments>
<arg>Expression ${expression} completed with: ${st}[1] (Expected: ${expected} vs. Real: ${st}[0])\n</arg>
<arg>append=${TRUE}</arg>
</arguments>
<msg timestamp="20200629 14:22:45.377" level="TRACE">Arguments: [ 'Expression 1h&gt;59m completed with: True (Expected: PASS vs. Real: PASS)\n' | append=True ]</msg>
<msg timestamp="20200629 14:22:45.378" level="INFO">Set test message to:
Expression 1h==60m completed with: True (Expected: PASS vs. Real: PASS)
 Expression 1h&gt;=60m completed with: True (Expected: PASS vs. Real: PASS)
 Expression 1h&lt;=60m completed with: True (Expected: PASS vs. Real: PASS)
 Expression 1h==59m completed with: AssertionError (Expected: FAIL vs. Real: FAIL)
 Expression 1h==54m completed with: True (Expected: PASS vs. Real: PASS)
 Expression 1h==54m completed with: True (Expected: PASS vs. Real: PASS)
 Expression 1h==53m completed with: My reason (Expected: FAIL vs. Real: FAIL)
 Expression 1h&gt;59m completed with: True (Expected: PASS vs. Real: PASS)
</msg>
<msg timestamp="20200629 14:22:45.378" level="TRACE">Return: None</msg>
<status status="PASS" starttime="20200629 14:22:45.376" endtime="20200629 14:22:45.378"></status>
</kw>
<msg timestamp="20200629 14:22:45.378" level="TRACE">Return: None</msg>
<status status="PASS" starttime="20200629 14:22:45.364" endtime="20200629 14:22:45.378"></status>
</kw>
<kw name="executor">
<arguments>
<arg>TIME_OPERATION</arg>
<arg>59m&lt;1h</arg>
</arguments>
<msg timestamp="20200629 14:22:45.380" level="TRACE">Arguments: [ ${keyword}='TIME_OPERATION' | ${expression}='59m&lt;1h' | ${expected}='PASS' | ${deviation}='' | ${reason}='' ]</msg>
<kw name="Run Keyword And Ignore Error" library="BuiltIn">
<doc>Runs the given keyword with the given arguments and ignores possible error.</doc>
<arguments>
<arg>${keyword}</arg>
<arg>${expression}</arg>
<arg>deviation_str=${deviation}</arg>
<arg>reason=${reason}</arg>
</arguments>
<assign>
<var>${st}</var>
</assign>
<msg timestamp="20200629 14:22:45.382" level="TRACE">Arguments: [ 'TIME_OPERATION' | '${expression}' | 'deviation_str=${deviation}' | 'reason=${reason}' ]</msg>
<kw name="TIME_OPERATION" library="robot_math.ROBOT_MATH">
<doc>    RF_MATH_OPERATION</doc>
<arguments>
<arg>${expression}</arg>
<arg>deviation_str=${deviation}</arg>
<arg>reason=${reason}</arg>
</arguments>
<msg timestamp="20200629 14:22:45.383" level="TRACE">Arguments: [ '59m&lt;1h' | deviation_str='' | reason='' ]</msg>
<msg timestamp="20200629 14:22:45.383" level="TRACE">59m&lt;1h</msg>
<msg timestamp="20200629 14:22:45.384" level="TRACE">59m lt 1h)</msg>
<msg timestamp="20200629 14:22:45.384" level="DEBUG">Result: True</msg>
<msg timestamp="20200629 14:22:45.384" level="TRACE">Return: True</msg>
<status status="PASS" starttime="20200629 14:22:45.382" endtime="20200629 14:22:45.384"></status>
</kw>
<msg timestamp="20200629 14:22:45.384" level="TRACE">Return: ('PASS', True)</msg>
<msg timestamp="20200629 14:22:45.385" level="INFO">${st} = ('PASS', True)</msg>
<status status="PASS" starttime="20200629 14:22:45.381" endtime="20200629 14:22:45.385"></status>
</kw>
<kw name="Run Keyword If" library="BuiltIn">
<doc>Runs the given keyword with the given arguments, if ``condition`` is true.</doc>
<arguments>
<arg>'${st}[0]' != '${expected}'</arg>
<arg>fail</arg>
<arg>Expression ${expression} failed</arg>
</arguments>
<msg timestamp="20200629 14:22:45.386" level="TRACE">Arguments: [ "'PASS' != 'PASS'" | 'fail' | 'Expression ${expression} failed' ]</msg>
<msg timestamp="20200629 14:22:45.386" level="TRACE">Return: None</msg>
<status status="PASS" starttime="20200629 14:22:45.385" endtime="20200629 14:22:45.386"></status>
</kw>
<kw name="Set Test Message" library="BuiltIn">
<doc>Sets message for the current test case.</doc>
<arguments>
<arg>Expression ${expression} completed with: ${st}[1] (Expected: ${expected} vs. Real: ${st}[0])\n</arg>
<arg>append=${TRUE}</arg>
</arguments>
<msg timestamp="20200629 14:22:45.387" level="TRACE">Arguments: [ 'Expression 59m&lt;1h completed with: True (Expected: PASS vs. Real: PASS)\n' | append=True ]</msg>
<msg timestamp="20200629 14:22:45.387" level="INFO">Set test message to:
Expression 1h==60m completed with: True (Expected: PASS vs. Real: PASS)
 Expression 1h&gt;=60m completed with: True (Expected: PASS vs. Real: PASS)
 Expression 1h&lt;=60m completed with: True (Expected: PASS vs. Real: PASS)
 Expression 1h==59m completed with: AssertionError (Expected: FAIL vs. Real: FAIL)
 Expression 1h==54m completed with: True (Expected: PASS vs. Real: PASS)
 Expression 1h==54m completed with: True (Expected: PASS vs. Real: PASS)
 Expression 1h==53m completed with: My reason (Expected: FAIL vs. Real: FAIL)
 Expression 1h&gt;59m completed with: True (Expected: PASS vs. Real: PASS)
 Expression 59m&lt;1h completed with: True (Expected: PASS vs. Real: PASS)
</msg>
<msg timestamp="20200629 14:22:45.388" level="TRACE">Return: None</msg>
<status status="PASS" starttime="20200629 14:22:45.386" endtime="20200629 14:22:45.388"></status>
</kw>
<msg timestamp="20200629 14:22:45.388" level="TRACE">Return: None</msg>
<status status="PASS" starttime="20200629 14:22:45.379" endtime="20200629 14:22:45.388"></status>
</kw>
<kw name="executor">
<arguments>
<arg>TIME_OPERATION</arg>
<arg>1h+20m</arg>
</arguments>
<msg timestamp="20200629 14:22:45.391" level="TRACE">Arguments: [ ${keyword}='TIME_OPERATION' | ${expression}='1h+20m' | ${expected}='PASS' | ${deviation}='' | ${reason}='' ]</msg>
<kw name="Run Keyword And Ignore Error" library="BuiltIn">
<doc>Runs the given keyword with the given arguments and ignores possible error.</doc>
<arguments>
<arg>${keyword}</arg>
<arg>${expression}</arg>
<arg>deviation_str=${deviation}</arg>
<arg>reason=${reason}</arg>
</arguments>
<assign>
<var>${st}</var>
</assign>
<msg timestamp="20200629 14:22:45.394" level="TRACE">Arguments: [ 'TIME_OPERATION' | '${expression}' | 'deviation_str=${deviation}' | 'reason=${reason}' ]</msg>
<kw name="TIME_OPERATION" library="robot_math.ROBOT_MATH">
<doc>    RF_MATH_OPERATION</doc>
<arguments>
<arg>${expression}</arg>
<arg>deviation_str=${deviation}</arg>
<arg>reason=${reason}</arg>
</arguments>
<msg timestamp="20200629 14:22:45.396" level="TRACE">Arguments: [ '1h+20m' | deviation_str='' | reason='' ]</msg>
<msg timestamp="20200629 14:22:45.397" level="TRACE">1h+20m</msg>
<msg timestamp="20200629 14:22:45.397" level="TRACE">1h add 20m)</msg>
<msg timestamp="20200629 14:22:45.397" level="DEBUG">Result: 1h 20m</msg>
<msg timestamp="20200629 14:22:45.398" level="TRACE">Return: 1h 20m</msg>
<status status="PASS" starttime="20200629 14:22:45.394" endtime="20200629 14:22:45.398"></status>
</kw>
<msg timestamp="20200629 14:22:45.398" level="TRACE">Return: ('PASS', 1h 20m)</msg>
<msg timestamp="20200629 14:22:45.399" level="INFO">${st} = ('PASS', 1h 20m)</msg>
<status status="PASS" starttime="20200629 14:22:45.392" endtime="20200629 14:22:45.399"></status>
</kw>
<kw name="Run Keyword If" library="BuiltIn">
<doc>Runs the given keyword with the given arguments, if ``condition`` is true.</doc>
<arguments>
<arg>'${st}[0]' != '${expected}'</arg>
<arg>fail</arg>
<arg>Expression ${expression} failed</arg>
</arguments>
<msg timestamp="20200629 14:22:45.400" level="TRACE">Arguments: [ "'PASS' != 'PASS'" | 'fail' | 'Expression ${expression} failed' ]</msg>
<msg timestamp="20200629 14:22:45.401" level="TRACE">Return: None</msg>
<status status="PASS" starttime="20200629 14:22:45.399" endtime="20200629 14:22:45.401"></status>
</kw>
<kw name="Set Test Message" library="BuiltIn">
<doc>Sets message for the current test case.</doc>
<arguments>
<arg>Expression ${expression} completed with: ${st}[1] (Expected: ${expected} vs. Real: ${st}[0])\n</arg>
<arg>append=${TRUE}</arg>
</arguments>
<msg timestamp="20200629 14:22:45.403" level="TRACE">Arguments: [ 'Expression 1h+20m completed with: 1h 20m (Expected: PASS vs. Real: PASS)\n' | append=True ]</msg>
<msg timestamp="20200629 14:22:45.404" level="INFO">Set test message to:
Expression 1h==60m completed with: True (Expected: PASS vs. Real: PASS)
 Expression 1h&gt;=60m completed with: True (Expected: PASS vs. Real: PASS)
 Expression 1h&lt;=60m completed with: True (Expected: PASS vs. Real: PASS)
 Expression 1h==59m completed with: AssertionError (Expected: FAIL vs. Real: FAIL)
 Expression 1h==54m completed with: True (Expected: PASS vs. Real: PASS)
 Expression 1h==54m completed with: True (Expected: PASS vs. Real: PASS)
 Expression 1h==53m completed with: My reason (Expected: FAIL vs. Real: FAIL)
 Expression 1h&gt;59m completed with: True (Expected: PASS vs. Real: PASS)
 Expression 59m&lt;1h completed with: True (Expected: PASS vs. Real: PASS)
 Expression 1h+20m completed with: 1h 20m (Expected: PASS vs. Real: PASS)
</msg>
<msg timestamp="20200629 14:22:45.404" level="TRACE">Return: None</msg>
<status status="PASS" starttime="20200629 14:22:45.401" endtime="20200629 14:22:45.404"></status>
</kw>
<msg timestamp="20200629 14:22:45.404" level="TRACE">Return: None</msg>
<status status="PASS" starttime="20200629 14:22:45.389" endtime="20200629 14:22:45.405"></status>
</kw>
<kw name="executor">
<arguments>
<arg>TIME_OPERATION</arg>
<arg>12h+50%</arg>
</arguments>
<msg timestamp="20200629 14:22:45.407" level="TRACE">Arguments: [ ${keyword}='TIME_OPERATION' | ${expression}='12h+50%' | ${expected}='PASS' | ${deviation}='' | ${reason}='' ]</msg>
<kw name="Run Keyword And Ignore Error" library="BuiltIn">
<doc>Runs the given keyword with the given arguments and ignores possible error.</doc>
<arguments>
<arg>${keyword}</arg>
<arg>${expression}</arg>
<arg>deviation_str=${deviation}</arg>
<arg>reason=${reason}</arg>
</arguments>
<assign>
<var>${st}</var>
</assign>
<msg timestamp="20200629 14:22:45.408" level="TRACE">Arguments: [ 'TIME_OPERATION' | '${expression}' | 'deviation_str=${deviation}' | 'reason=${reason}' ]</msg>
<kw name="TIME_OPERATION" library="robot_math.ROBOT_MATH">
<doc>    RF_MATH_OPERATION</doc>
<arguments>
<arg>${expression}</arg>
<arg>deviation_str=${deviation}</arg>
<arg>reason=${reason}</arg>
</arguments>
<msg timestamp="20200629 14:22:45.412" level="TRACE">Arguments: [ '12h+50%' | deviation_str='' | reason='' ]</msg>
<msg timestamp="20200629 14:22:45.413" level="TRACE">12h+50%</msg>
<msg timestamp="20200629 14:22:45.413" level="TRACE">12h add +/-50.00%)</msg>
<msg timestamp="20200629 14:22:45.414" level="DEBUG">Number 43200 add (+/-50.00%) = 64800.0</msg>
<msg timestamp="20200629 14:22:45.414" level="DEBUG">Result: 18h</msg>
<msg timestamp="20200629 14:22:45.415" level="TRACE">Return: 18h</msg>
<status status="PASS" starttime="20200629 14:22:45.410" endtime="20200629 14:22:45.415"></status>
</kw>
<msg timestamp="20200629 14:22:45.415" level="TRACE">Return: ('PASS', 18h)</msg>
<msg timestamp="20200629 14:22:45.415" level="INFO">${st} = ('PASS', 18h)</msg>
<status status="PASS" starttime="20200629 14:22:45.407" endtime="20200629 14:22:45.416"></status>
</kw>
<kw name="Run Keyword If" library="BuiltIn">
<doc>Runs the given keyword with the given arguments, if ``condition`` is true.</doc>
<arguments>
<arg>'${st}[0]' != '${expected}'</arg>
<arg>fail</arg>
<arg>Expression ${expression} failed</arg>
</arguments>
<msg timestamp="20200629 14:22:45.417" level="TRACE">Arguments: [ "'PASS' != 'PASS'" | 'fail' | 'Expression ${expression} failed' ]</msg>
<msg timestamp="20200629 14:22:45.417" level="TRACE">Return: None</msg>
<status status="PASS" starttime="20200629 14:22:45.416" endtime="20200629 14:22:45.417"></status>
</kw>
<kw name="Set Test Message" library="BuiltIn">
<doc>Sets message for the current test case.</doc>
<arguments>
<arg>Expression ${expression} completed with: ${st}[1] (Expected: ${expected} vs. Real: ${st}[0])\n</arg>
<arg>append=${TRUE}</arg>
</arguments>
<msg timestamp="20200629 14:22:45.419" level="TRACE">Arguments: [ 'Expression 12h+50% completed with: 18h (Expected: PASS vs. Real: PASS)\n' | append=True ]</msg>
<msg timestamp="20200629 14:22:45.419" level="INFO">Set test message to:
Expression 1h==60m completed with: True (Expected: PASS vs. Real: PASS)
 Expression 1h&gt;=60m completed with: True (Expected: PASS vs. Real: PASS)
 Expression 1h&lt;=60m completed with: True (Expected: PASS vs. Real: PASS)
 Expression 1h==59m completed with: AssertionError (Expected: FAIL vs. Real: FAIL)
 Expression 1h==54m completed with: True (Expected: PASS vs. Real: PASS)
 Expression 1h==54m completed with: True (Expected: PASS vs. Real: PASS)
 Expression 1h==53m completed with: My reason (Expected: FAIL vs. Real: FAIL)
 Expression 1h&gt;59m completed with: True (Expected: PASS vs. Real: PASS)
 Expression 59m&lt;1h completed with: True (Expected: PASS vs. Real: PASS)
 Expression 1h+20m completed with: 1h 20m (Expected: PASS vs. Real: PASS)
 Expression 12h+50% completed with: 18h (Expected: PASS vs. Real: PASS)
</msg>
<msg timestamp="20200629 14:22:45.420" level="TRACE">Return: None</msg>
<status status="PASS" starttime="20200629 14:22:45.418" endtime="20200629 14:22:45.420"></status>
</kw>
<msg timestamp="20200629 14:22:45.420" level="TRACE">Return: None</msg>
<status status="PASS" starttime="20200629 14:22:45.405" endtime="20200629 14:22:45.420"></status>
</kw>
<kw name="executor">
<arguments>
<arg>TIME_OPERATION</arg>
<arg>12h - 50%</arg>
</arguments>
<msg timestamp="20200629 14:22:45.422" level="TRACE">Arguments: [ ${keyword}='TIME_OPERATION' | ${expression}='12h - 50%' | ${expected}='PASS' | ${deviation}='' | ${reason}='' ]</msg>
<kw name="Run Keyword And Ignore Error" library="BuiltIn">
<doc>Runs the given keyword with the given arguments and ignores possible error.</doc>
<arguments>
<arg>${keyword}</arg>
<arg>${expression}</arg>
<arg>deviation_str=${deviation}</arg>
<arg>reason=${reason}</arg>
</arguments>
<assign>
<var>${st}</var>
</assign>
<msg timestamp="20200629 14:22:45.424" level="TRACE">Arguments: [ 'TIME_OPERATION' | '${expression}' | 'deviation_str=${deviation}' | 'reason=${reason}' ]</msg>
<kw name="TIME_OPERATION" library="robot_math.ROBOT_MATH">
<doc>    RF_MATH_OPERATION</doc>
<arguments>
<arg>${expression}</arg>
<arg>deviation_str=${deviation}</arg>
<arg>reason=${reason}</arg>
</arguments>
<msg timestamp="20200629 14:22:45.426" level="TRACE">Arguments: [ '12h - 50%' | deviation_str='' | reason='' ]</msg>
<msg timestamp="20200629 14:22:45.427" level="TRACE">12h - 50%</msg>
<msg timestamp="20200629 14:22:45.427" level="TRACE">12h sub +/-50.00%)</msg>
<msg timestamp="20200629 14:22:45.427" level="DEBUG">Number 43200 sub (+/-50.00%) = 21600.0</msg>
<msg timestamp="20200629 14:22:45.427" level="DEBUG">Result: 6h</msg>
<msg timestamp="20200629 14:22:45.428" level="TRACE">Return: 6h</msg>
<status status="PASS" starttime="20200629 14:22:45.424" endtime="20200629 14:22:45.428"></status>
</kw>
<msg timestamp="20200629 14:22:45.428" level="TRACE">Return: ('PASS', 6h)</msg>
<msg timestamp="20200629 14:22:45.428" level="INFO">${st} = ('PASS', 6h)</msg>
<status status="PASS" starttime="20200629 14:22:45.423" endtime="20200629 14:22:45.429"></status>
</kw>
<kw name="Run Keyword If" library="BuiltIn">
<doc>Runs the given keyword with the given arguments, if ``condition`` is true.</doc>
<arguments>
<arg>'${st}[0]' != '${expected}'</arg>
<arg>fail</arg>
<arg>Expression ${expression} failed</arg>
</arguments>
<msg timestamp="20200629 14:22:45.429" level="TRACE">Arguments: [ "'PASS' != 'PASS'" | 'fail' | 'Expression ${expression} failed' ]</msg>
<msg timestamp="20200629 14:22:45.430" level="TRACE">Return: None</msg>
<status status="PASS" starttime="20200629 14:22:45.429" endtime="20200629 14:22:45.430"></status>
</kw>
<kw name="Set Test Message" library="BuiltIn">
<doc>Sets message for the current test case.</doc>
<arguments>
<arg>Expression ${expression} completed with: ${st}[1] (Expected: ${expected} vs. Real: ${st}[0])\n</arg>
<arg>append=${TRUE}</arg>
</arguments>
<msg timestamp="20200629 14:22:45.431" level="TRACE">Arguments: [ 'Expression 12h - 50% completed with: 6h (Expected: PASS vs. Real: PASS)\n' | append=True ]</msg>
<msg timestamp="20200629 14:22:45.431" level="INFO">Set test message to:
Expression 1h==60m completed with: True (Expected: PASS vs. Real: PASS)
 Expression 1h&gt;=60m completed with: True (Expected: PASS vs. Real: PASS)
 Expression 1h&lt;=60m completed with: True (Expected: PASS vs. Real: PASS)
 Expression 1h==59m completed with: AssertionError (Expected: FAIL vs. Real: FAIL)
 Expression 1h==54m completed with: True (Expected: PASS vs. Real: PASS)
 Expression 1h==54m completed with: True (Expected: PASS vs. Real: PASS)
 Expression 1h==53m completed with: My reason (Expected: FAIL vs. Real: FAIL)
 Expression 1h&gt;59m completed with: True (Expected: PASS vs. Real: PASS)
 Expression 59m&lt;1h completed with: True (Expected: PASS vs. Real: PASS)
 Expression 1h+20m completed with: 1h 20m (Expected: PASS vs. Real: PASS)
 Expression 12h+50% completed with: 18h (Expected: PASS vs. Real: PASS)
 Expression 12h - 50% completed with: 6h (Expected: PASS vs. Real: PASS)
</msg>
<msg timestamp="20200629 14:22:45.431" level="TRACE">Return: None</msg>
<status status="PASS" starttime="20200629 14:22:45.430" endtime="20200629 14:22:45.431"></status>
</kw>
<msg timestamp="20200629 14:22:45.432" level="TRACE">Return: None</msg>
<status status="PASS" starttime="20200629 14:22:45.421" endtime="20200629 14:22:45.432"></status>
</kw>
<tags>
<tag>Time</tag>
</tags>
<status status="PASS" starttime="20200629 14:22:45.284" endtime="20200629 14:22:45.433" critical="yes">Expression 1h==60m completed with: True (Expected: PASS vs. Real: PASS)
 Expression 1h&gt;=60m completed with: True (Expected: PASS vs. Real: PASS)
 Expression 1h&lt;=60m completed with: True (Expected: PASS vs. Real: PASS)
 Expression 1h==59m completed with: AssertionError (Expected: FAIL vs. Real: FAIL)
 Expression 1h==54m completed with: True (Expected: PASS vs. Real: PASS)
 Expression 1h==54m completed with: True (Expected: PASS vs. Real: PASS)
 Expression 1h==53m completed with: My reason (Expected: FAIL vs. Real: FAIL)
 Expression 1h&gt;59m completed with: True (Expected: PASS vs. Real: PASS)
 Expression 59m&lt;1h completed with: True (Expected: PASS vs. Real: PASS)
 Expression 1h+20m completed with: 1h 20m (Expected: PASS vs. Real: PASS)
 Expression 12h+50% completed with: 18h (Expected: PASS vs. Real: PASS)
 Expression 12h - 50% completed with: 6h (Expected: PASS vs. Real: PASS)
</status>
</test>
<doc>ROBOT_MATH self robot tests</doc>
<status status="PASS" starttime="20200629 14:22:45.064" endtime="20200629 14:22:45.436"></status>
</suite>
<status status="PASS" starttime="20200629 14:22:44.980" endtime="20200629 14:22:45.441"></status>
</suite>
<statistics>
<total>
<stat pass="2" fail="0">Critical Tests</stat>
<stat pass="2" fail="0">All Tests</stat>
</total>
<tag>
<stat pass="1" fail="0">Packet</stat>
<stat pass="1" fail="0">Time</stat>
</tag>
<suite>
<stat pass="2" fail="0" id="s1" name="Tests">Tests</stat>
<stat pass="2" fail="0" id="s1-s1" name="RF MATH SEJFTEST">Tests.RF MATH SEJFTEST</stat>
</suite>
</statistics>
<errors>
</errors>
</robot>
